ArmoryAppAndroid/app/build/intermediates/manifest_merge_blame_file/debug/processDebugMainManifest/manifest-merger-blame-debug-report.txt
1<?xml version="1.0" encoding="utf-8"?>
2<manifest xmlns:android="http://schemas.android.com/apk/res/android"
3    package="com.cenango.fetchcicg"
4    android:versionCode="1"
5    android:versionName="1.0" >
6
7    <uses-sdk
8        android:minSdkVersion="24"
9        android:targetSdkVersion="34" />
10
11    <uses-permission android:name="android.permission.INTERNET" />
11-->src/main/AndroidManifest.xml:5:5-67
11-->src/main/AndroidManifest.xml:5:22-64
12    <uses-permission android:name="android.permission.ACCESS_NETWORK_STATE" />
12-->src/main/AndroidManifest.xml:6:5-79
12-->src/main/AndroidManifest.xml:6:22-76
13    <uses-permission android:name="android.permission.BLUETOOTH" />
13-->[DeviceAPI_ver20251103_release.aar] AndroidManifest.xml:12:5-68
13-->[DeviceAPI_ver20251103_release.aar] AndroidManifest.xml:12:22-65
14    <uses-permission android:name="android.permission.BLUETOOTH_ADMIN" />
14-->[DeviceAPI_ver20251103_release.aar] AndroidManifest.xml:13:5-74
14-->[DeviceAPI_ver20251103_release.aar] AndroidManifest.xml:13:22-71
15    <uses-permission android:name="android.permission.CHANGE_WIFI_STATE" />
15-->[DeviceAPI_ver20251103_release.aar] AndroidManifest.xml:14:5-76
15-->[DeviceAPI_ver20251103_release.aar] AndroidManifest.xml:14:22-73
16    <uses-permission android:name="android.permission.ACCESS_WIFI_STATE" />
16-->[DeviceAPI_ver20251103_release.aar] AndroidManifest.xml:15:5-76
16-->[DeviceAPI_ver20251103_release.aar] AndroidManifest.xml:15:22-73
17
18    <permission
18-->[androidx.core:core:1.13.1] AndroidManifest.xml:22:5-24:47
19        android:name="com.cenango.fetchcicg.DYNAMIC_RECEIVER_NOT_EXPORTED_PERMISSION"
19-->[androidx.core:core:1.13.1] AndroidManifest.xml:23:9-81
20        android:protectionLevel="signature" />
20-->[androidx.core:core:1.13.1] AndroidManifest.xml:24:9-44
21
22    <uses-permission android:name="com.cenango.fetchcicg.DYNAMIC_RECEIVER_NOT_EXPORTED_PERMISSION" />
22-->[androidx.core:core:1.13.1] AndroidManifest.xml:26:5-97
22-->[androidx.core:core:1.13.1] AndroidManifest.xml:26:22-94
23    <!--
24 The Chainway SDK's own manifest (bundled in DeviceAPI_ver20251103_release.aar)
25         merges in BLUETOOTH, BLUETOOTH_ADMIN, CHANGE_WIFI_STATE, and
26         ACCESS_WIFI_STATE automatically — those cover the SDK's BLE/network
27         reader variants, not the C72's built-in UART module we actually use,
28         which needs no Bluetooth/location permissions of its own.
29    -->
30    <application
30-->src/main/AndroidManifest.xml:14:5-102:19
31        android:name="com.cenango.fetchcicg.FetchCICGApplication"
31-->src/main/AndroidManifest.xml:15:9-45
32        android:allowBackup="false"
32-->src/main/AndroidManifest.xml:16:9-36
33        android:appComponentFactory="androidx.core.app.CoreComponentFactory"
33-->[androidx.core:core:1.13.1] AndroidManifest.xml:28:18-86
34        android:debuggable="true"
35        android:extractNativeLibs="false"
36        android:icon="@mipmap/ic_launcher"
36-->src/main/AndroidManifest.xml:17:9-43
37        android:label="@string/app_name"
37-->src/main/AndroidManifest.xml:18:9-41
38        android:roundIcon="@mipmap/ic_launcher_round"
38-->src/main/AndroidManifest.xml:19:9-54
39        android:theme="@style/Theme.FetchCICG" >
39-->src/main/AndroidManifest.xml:20:9-47
40        <activity
40-->src/main/AndroidManifest.xml:23:9-31:20
41            android:name="com.cenango.fetchcicg.ui.auth.LoginActivity"
41-->src/main/AndroidManifest.xml:24:13-50
42            android:exported="true"
42-->src/main/AndroidManifest.xml:25:13-36
43            android:windowSoftInputMode="adjustResize" >
43-->src/main/AndroidManifest.xml:26:13-55
44            <intent-filter>
44-->src/main/AndroidManifest.xml:27:13-30:29
45                <action android:name="android.intent.action.MAIN" />
45-->src/main/AndroidManifest.xml:28:17-69
45-->src/main/AndroidManifest.xml:28:25-66
46
47                <category android:name="android.intent.category.LAUNCHER" />
47-->src/main/AndroidManifest.xml:29:17-77
47-->src/main/AndroidManifest.xml:29:27-74
48            </intent-filter>
49        </activity>
50        <activity
50-->src/main/AndroidManifest.xml:33:9-35:40
51            android:name="com.cenango.fetchcicg.ui.dashboard.DashboardActivity"
51-->src/main/AndroidManifest.xml:34:13-59
52            android:exported="false" />
52-->src/main/AndroidManifest.xml:35:13-37
53        <activity
53-->src/main/AndroidManifest.xml:37:9-39:40
54            android:name="com.cenango.fetchcicg.ui.common.ScanActivity"
54-->src/main/AndroidManifest.xml:38:13-51
55            android:exported="false" />
55-->src/main/AndroidManifest.xml:39:13-37
56        <activity
56-->src/main/AndroidManifest.xml:41:9-43:40
57            android:name="com.cenango.fetchcicg.ui.common.CategoryPickerActivity"
57-->src/main/AndroidManifest.xml:42:13-61
58            android:exported="false" />
58-->src/main/AndroidManifest.xml:43:13-37
59        <activity
59-->src/main/AndroidManifest.xml:45:9-47:40
60            android:name="com.cenango.fetchcicg.ui.common.UserPickerActivity"
60-->src/main/AndroidManifest.xml:46:13-57
61            android:exported="false" />
61-->src/main/AndroidManifest.xml:47:13-37
62        <activity
62-->src/main/AndroidManifest.xml:49:9-52:58
63            android:name="com.cenango.fetchcicg.ui.enroll.EnterAssetDetailsActivity"
63-->src/main/AndroidManifest.xml:50:13-64
64            android:exported="false"
64-->src/main/AndroidManifest.xml:51:13-37
65            android:windowSoftInputMode="adjustResize" />
65-->src/main/AndroidManifest.xml:52:13-55
66        <activity
66-->src/main/AndroidManifest.xml:54:9-56:40
67            android:name="com.cenango.fetchcicg.ui.enroll.AssetSummaryActivity"
67-->src/main/AndroidManifest.xml:55:13-59
68            android:exported="false" />
68-->src/main/AndroidManifest.xml:56:13-37
69        <activity
69-->src/main/AndroidManifest.xml:58:9-61:58
70            android:name="com.cenango.fetchcicg.ui.checkout.EnterCheckoutAssetDetailsActivity"
70-->src/main/AndroidManifest.xml:59:13-74
71            android:exported="false"
71-->src/main/AndroidManifest.xml:60:13-37
72            android:windowSoftInputMode="adjustResize" />
72-->src/main/AndroidManifest.xml:61:13-55
73        <activity
73-->src/main/AndroidManifest.xml:63:9-65:40
74            android:name="com.cenango.fetchcicg.ui.checkout.CheckoutAssetDetailsSummaryActivity"
74-->src/main/AndroidManifest.xml:64:13-76
75            android:exported="false" />
75-->src/main/AndroidManifest.xml:65:13-37
76        <activity
76-->src/main/AndroidManifest.xml:67:9-70:58
77            android:name="com.cenango.fetchcicg.ui.checkin.EnterCheckinAssetDetailsActivity"
77-->src/main/AndroidManifest.xml:68:13-72
78            android:exported="false"
78-->src/main/AndroidManifest.xml:69:13-37
79            android:windowSoftInputMode="adjustResize" />
79-->src/main/AndroidManifest.xml:70:13-55
80        <activity
80-->src/main/AndroidManifest.xml:72:9-74:40
81            android:name="com.cenango.fetchcicg.ui.checkin.CheckinAssetDetailsSummaryActivity"
81-->src/main/AndroidManifest.xml:73:13-74
82            android:exported="false" />
82-->src/main/AndroidManifest.xml:74:13-37
83        <activity
83-->src/main/AndroidManifest.xml:76:9-79:58
84            android:name="com.cenango.fetchcicg.ui.checkin.CheckinAuthActivity"
84-->src/main/AndroidManifest.xml:77:13-59
85            android:exported="false"
85-->src/main/AndroidManifest.xml:78:13-37
86            android:windowSoftInputMode="adjustResize" />
86-->src/main/AndroidManifest.xml:79:13-55
87        <activity
87-->src/main/AndroidManifest.xml:81:9-84:58
88            android:name="com.cenango.fetchcicg.ui.search.SearchAssetActivity"
88-->src/main/AndroidManifest.xml:82:13-58
89            android:exported="false"
89-->src/main/AndroidManifest.xml:83:13-37
90            android:windowSoftInputMode="adjustResize" />
90-->src/main/AndroidManifest.xml:84:13-55
91        <activity
91-->src/main/AndroidManifest.xml:86:9-88:40
92            android:name="com.cenango.fetchcicg.ui.search.SearchAssetDetailsActivity"
92-->src/main/AndroidManifest.xml:87:13-65
93            android:exported="false" />
93-->src/main/AndroidManifest.xml:88:13-37
94        <activity
94-->src/main/AndroidManifest.xml:90:9-92:40
95            android:name="com.cenango.fetchcicg.ui.search.LocateAssetActivity"
95-->src/main/AndroidManifest.xml:91:13-58
96            android:exported="false" />
96-->src/main/AndroidManifest.xml:92:13-37
97        <activity
97-->src/main/AndroidManifest.xml:94:9-96:40
98            android:name="com.cenango.fetchcicg.ui.inventory.TakeInventoryActivity"
98-->src/main/AndroidManifest.xml:95:13-63
99            android:exported="false" />
99-->src/main/AndroidManifest.xml:96:13-37
100        <activity
100-->src/main/AndroidManifest.xml:98:9-100:40
101            android:name="com.cenango.fetchcicg.ui.inventory.InventoryBreakdownActivity"
101-->src/main/AndroidManifest.xml:99:13-68
102            android:exported="false" />
102-->src/main/AndroidManifest.xml:100:13-37
103
104        <provider
104-->[androidx.emoji2:emoji2:1.3.0] AndroidManifest.xml:24:9-32:20
105            android:name="androidx.startup.InitializationProvider"
105-->[androidx.emoji2:emoji2:1.3.0] AndroidManifest.xml:25:13-67
106            android:authorities="com.cenango.fetchcicg.androidx-startup"
106-->[androidx.emoji2:emoji2:1.3.0] AndroidManifest.xml:26:13-68
107            android:exported="false" >
107-->[androidx.emoji2:emoji2:1.3.0] AndroidManifest.xml:27:13-37
108            <meta-data
108-->[androidx.emoji2:emoji2:1.3.0] AndroidManifest.xml:29:13-31:52
109                android:name="androidx.emoji2.text.EmojiCompatInitializer"
109-->[androidx.emoji2:emoji2:1.3.0] AndroidManifest.xml:30:17-75
110                android:value="androidx.startup" />
110-->[androidx.emoji2:emoji2:1.3.0] AndroidManifest.xml:31:17-49
111            <meta-data
111-->[androidx.lifecycle:lifecycle-process:2.8.4] AndroidManifest.xml:29:13-31:52
112                android:name="androidx.lifecycle.ProcessLifecycleInitializer"
112-->[androidx.lifecycle:lifecycle-process:2.8.4] AndroidManifest.xml:30:17-78
113                android:value="androidx.startup" />
113-->[androidx.lifecycle:lifecycle-process:2.8.4] AndroidManifest.xml:31:17-49
114            <meta-data
114-->[androidx.profileinstaller:profileinstaller:1.3.1] AndroidManifest.xml:29:13-31:52
115                android:name="androidx.profileinstaller.ProfileInstallerInitializer"
115-->[androidx.profileinstaller:profileinstaller:1.3.1] AndroidManifest.xml:30:17-85
116                android:value="androidx.startup" />
116-->[androidx.profileinstaller:profileinstaller:1.3.1] AndroidManifest.xml:31:17-49
117        </provider>
118
119        <receiver
119-->[androidx.profileinstaller:profileinstaller:1.3.1] AndroidManifest.xml:34:9-52:20
120            android:name="androidx.profileinstaller.ProfileInstallReceiver"
120-->[androidx.profileinstaller:profileinstaller:1.3.1] AndroidManifest.xml:35:13-76
121            android:directBootAware="false"
121-->[androidx.profileinstaller:profileinstaller:1.3.1] AndroidManifest.xml:36:13-44
122            android:enabled="true"
122-->[androidx.profileinstaller:profileinstaller:1.3.1] AndroidManifest.xml:37:13-35
123            android:exported="true"
123-->[androidx.profileinstaller:profileinstaller:1.3.1] AndroidManifest.xml:38:13-36
124            android:permission="android.permission.DUMP" >
124-->[androidx.profileinstaller:profileinstaller:1.3.1] AndroidManifest.xml:39:13-57
125            <intent-filter>
125-->[androidx.profileinstaller:profileinstaller:1.3.1] AndroidManifest.xml:40:13-42:29
126                <action android:name="androidx.profileinstaller.action.INSTALL_PROFILE" />
126-->[androidx.profileinstaller:profileinstaller:1.3.1] AndroidManifest.xml:41:17-91
126-->[androidx.profileinstaller:profileinstaller:1.3.1] AndroidManifest.xml:41:25-88
127            </intent-filter>
128            <intent-filter>
128-->[androidx.profileinstaller:profileinstaller:1.3.1] AndroidManifest.xml:43:13-45:29
129                <action android:name="androidx.profileinstaller.action.SKIP_FILE" />
129-->[androidx.profileinstaller:profileinstaller:1.3.1] AndroidManifest.xml:44:17-85
129-->[androidx.profileinstaller:profileinstaller:1.3.1] AndroidManifest.xml:44:25-82
130            </intent-filter>
131            <intent-filter>
131-->[androidx.profileinstaller:profileinstaller:1.3.1] AndroidManifest.xml:46:13-48:29
132                <action android:name="androidx.profileinstaller.action.SAVE_PROFILE" />
132-->[androidx.profileinstaller:profileinstaller:1.3.1] AndroidManifest.xml:47:17-88
132-->[androidx.profileinstaller:profileinstaller:1.3.1] AndroidManifest.xml:47:25-85
133            </intent-filter>
134            <intent-filter>
134-->[androidx.profileinstaller:profileinstaller:1.3.1] AndroidManifest.xml:49:13-51:29
135                <action android:name="androidx.profileinstaller.action.BENCHMARK_OPERATION" />
135-->[androidx.profileinstaller:profileinstaller:1.3.1] AndroidManifest.xml:50:17-95
135-->[androidx.profileinstaller:profileinstaller:1.3.1] AndroidManifest.xml:50:25-92
136            </intent-filter>
137        </receiver>
138    </application>
139
140</manifest>